

================================================================
== Synthesis Summary Report of 'attention'
================================================================
+ General Information: 
    * Date:           Mon Dec 11 14:44:32 2023
    * Version:        2023.1 (Build 3854077 on May  4 2023)
    * Project:        237c_project
    * Solution:       solution1 (Vivado IP Flow Target)
    * Product family: zynq
    * Target device:  xc7z020-clg400-1
    

+ Performance & Resource Estimates: 
    
    PS: '+' for module; 'o' for loop; '*' for dataflow
    +-------------------------------------------------------+------+------+---------+-----------+----------+---------+------+----------+------+----+-----------+-------------+-----+
    |                        Modules                        | Issue|      | Latency |  Latency  | Iteration|         | Trip |          |      |    |           |             |     |
    |                        & Loops                        | Type | Slack| (cycles)|    (ns)   |  Latency | Interval| Count| Pipelined| BRAM | DSP|     FF    |     LUT     | URAM|
    +-------------------------------------------------------+------+------+---------+-----------+----------+---------+------+----------+------+----+-----------+-------------+-----+
    |+ attention                                            |     -|  0.94|        -|          -|         -|        -|     -|        no|     -|   -|  8029 (7%)|  12577 (23%)|    -|
    | + attention_Pipeline_VITIS_LOOP_35_1_VITIS_LOOP_36_2  |     -|  0.94|      258|  2.580e+03|         -|      258|     -|        no|     -|   -|   30 (~0%)|    179 (~0%)|    -|
    |  o VITIS_LOOP_35_1_VITIS_LOOP_36_2                    |     -|  7.30|      256|  2.560e+03|         2|        1|   256|       yes|     -|   -|          -|            -|    -|
    | + attention_Pipeline_VITIS_LOOP_51_3_VITIS_LOOP_52_4  |     -|  0.94|      258|  2.580e+03|         -|      258|     -|        no|     -|   -|   30 (~0%)|    179 (~0%)|    -|
    |  o VITIS_LOOP_51_3_VITIS_LOOP_52_4                    |     -|  7.30|      256|  2.560e+03|         2|        1|   256|       yes|     -|   -|          -|            -|    -|
    | o VITIS_LOOP_52_1                                     |     -|  7.30|        -|          -|         -|        -|     -|        no|     -|   -|          -|            -|    -|
    |  + project                                            |     -|  1.33|        -|          -|         -|        -|     -|        no|     -|   -|  3813 (3%)|   5738 (10%)|    -|
    |   + project_Pipeline_VITIS_LOOP_33_2                  |     -|  3.16|        -|          -|         -|        -|     -|        no|     -|   -|   47 (~0%)|     89 (~0%)|    -|
    |    o VITIS_LOOP_33_2                                  |     -|  7.30|        -|          -|         1|        1|     -|       yes|     -|   -|          -|            -|    -|
    |   o VITIS_LOOP_13_1                                   |     -|  7.30|       80|    800.000|         5|        -|    16|        no|     -|   -|          -|            -|    -|
    |    + dotProd_32*                                      |     -|  1.75|        0|      0.000|         -|        1|     -|  dataflow|     -|   -|  3454 (3%)|    3372 (6%)|    -|
    |     + mult_4bit_17                                    |     -|  4.96|        0|      0.000|         -|        0|     -|        no|     -|   -|   10 (~0%)|     33 (~0%)|    -|
    |     + dotProd_32_Block_entry1228_proc                 |     -|  3.67|        0|      0.000|         -|        0|     -|        no|     -|   -|   10 (~0%)|     20 (~0%)|    -|
    |     + mult_4bit_18                                    |     -|  4.96|        0|      0.000|         -|        0|     -|        no|     -|   -|   10 (~0%)|     33 (~0%)|    -|
    |     + dotProd_32_Block_entry1245_proc                 |     -|  1.75|        0|      0.000|         -|        0|     -|        no|     -|   -|   11 (~0%)|     34 (~0%)|    -|
    |     + mult_4bit_19                                    |     -|  4.96|        0|      0.000|         -|        0|     -|        no|     -|   -|   10 (~0%)|     33 (~0%)|    -|
    |     + dotProd_32_Block_entry1262_proc                 |     -|  1.84|        0|      0.000|         -|        0|     -|        no|     -|   -|   12 (~0%)|     33 (~0%)|    -|
    |     + mult_4bit_20                                    |     -|  4.96|        0|      0.000|         -|        0|     -|        no|     -|   -|   10 (~0%)|     33 (~0%)|    -|
    |     + dotProd_32_Block_entry1279_proc                 |     -|  1.93|        0|      0.000|         -|        0|     -|        no|     -|   -|   12 (~0%)|     33 (~0%)|    -|
    |     + mult_4bit_21                                    |     -|  4.96|        0|      0.000|         -|        0|     -|        no|     -|   -|   10 (~0%)|     33 (~0%)|    -|
    |     + dotProd_32_Block_entry1296_proc                 |     -|  1.93|        0|      0.000|         -|        0|     -|        no|     -|   -|   13 (~0%)|     32 (~0%)|    -|
    |     + mult_4bit_22                                    |     -|  4.96|        0|      0.000|         -|        0|     -|        no|     -|   -|   10 (~0%)|     33 (~0%)|    -|
    |     + dotProd_32_Block_entry12113_proc                |     -|  2.03|        0|      0.000|         -|        0|     -|        no|     -|   -|   13 (~0%)|     32 (~0%)|    -|
    |     + mult_4bit_23                                    |     -|  4.96|        0|      0.000|         -|        0|     -|        no|     -|   -|   10 (~0%)|     33 (~0%)|    -|
    |     + dotProd_32_Block_entry12130_proc                |     -|  2.03|        0|      0.000|         -|        0|     -|        no|     -|   -|   13 (~0%)|     32 (~0%)|    -|
    |     + mult_4bit_24                                    |     -|  4.96|        0|      0.000|         -|        0|     -|        no|     -|   -|   10 (~0%)|     33 (~0%)|    -|
    |     + dotProd_32_Block_entry12147_proc                |     -|  2.03|        0|      0.000|         -|        0|     -|        no|     -|   -|   13 (~0%)|     32 (~0%)|    -|
    |     + mult_4bit_25                                    |     -|  4.96|        0|      0.000|         -|        0|     -|        no|     -|   -|   10 (~0%)|     33 (~0%)|    -|
    |     + dotProd_32_Block_entry12164_proc                |     -|  2.03|        0|      0.000|         -|        0|     -|        no|     -|   -|   14 (~0%)|     32 (~0%)|    -|
    |     + mult_4bit_26                                    |     -|  4.96|        0|      0.000|         -|        0|     -|        no|     -|   -|   10 (~0%)|     33 (~0%)|    -|
    |     + dotProd_32_Block_entry12181_proc                |     -|  2.12|        0|      0.000|         -|        0|     -|        no|     -|   -|   14 (~0%)|     32 (~0%)|    -|
    |     + mult_4bit_27                                    |     -|  4.96|        0|      0.000|         -|        0|     -|        no|     -|   -|   10 (~0%)|     33 (~0%)|    -|
    |     + dotProd_32_Block_entry12198_proc                |     -|  2.12|        0|      0.000|         -|        0|     -|        no|     -|   -|   14 (~0%)|     32 (~0%)|    -|
    |     + mult_4bit_28                                    |     -|  4.96|        0|      0.000|         -|        0|     -|        no|     -|   -|   10 (~0%)|     33 (~0%)|    -|
    |     + dotProd_32_Block_entry12215_proc                |     -|  2.12|        0|      0.000|         -|        0|     -|        no|     -|   -|   14 (~0%)|     32 (~0%)|    -|
    |     + mult_4bit_29                                    |     -|  4.96|        0|      0.000|         -|        0|     -|        no|     -|   -|   10 (~0%)|     33 (~0%)|    -|
    |     + dotProd_32_Block_entry12232_proc                |     -|  2.12|        0|      0.000|         -|        0|     -|        no|     -|   -|   14 (~0%)|     32 (~0%)|    -|
    |     + mult_4bit_30                                    |     -|  4.96|        0|      0.000|         -|        0|     -|        no|     -|   -|   10 (~0%)|     33 (~0%)|    -|
    |     + dotProd_32_Block_entry12249_proc                |     -|  2.12|        0|      0.000|         -|        0|     -|        no|     -|   -|   14 (~0%)|     32 (~0%)|    -|
    |     + mult_4bit_31                                    |     -|  4.96|        0|      0.000|         -|        0|     -|        no|     -|   -|   10 (~0%)|     33 (~0%)|    -|
    |     + dotProd_32_Block_entry12266_proc                |     -|  2.12|        0|      0.000|         -|        0|     -|        no|     -|   -|   14 (~0%)|     32 (~0%)|    -|
    |     + mult_4bit                                       |     -|  4.96|        0|      0.000|         -|        0|     -|        no|     -|   -|   10 (~0%)|     33 (~0%)|    -|
    |     + dotProd_32_Block_entry12283_proc                |     -|  2.12|        0|      0.000|         -|        0|     -|        no|     -|   -|   14 (~0%)|     32 (~0%)|    -|
    | o VITIS_LOOP_57_5                                     |     -|  7.30|        -|          -|         -|        -|     -|        no|     -|   -|          -|            -|    -|
    |  o VITIS_LOOP_13_1                                    |     -|  7.30|       32|    320.000|         2|        -|    16|        no|     -|   -|          -|            -|    -|
    |  o VITIS_LOOP_15_2                                    |     -|  7.30|       80|    800.000|         5|        -|    16|        no|     -|   -|          -|            -|    -|
    |   + dotProd*                                          |     -|  1.75|        0|      0.000|         -|        1|     -|  dataflow|     -|   -|  3454 (3%)|    3372 (6%)|    -|
    |    + mult_4bit_1                                      |     -|  4.96|        0|      0.000|         -|        0|     -|        no|     -|   -|   10 (~0%)|     33 (~0%)|    -|
    |    + dotProd_Block_entry4460_proc                     |     -|  3.67|        0|      0.000|         -|        0|     -|        no|     -|   -|   10 (~0%)|     20 (~0%)|    -|
    |    + mult_4bit_2                                      |     -|  4.96|        0|      0.000|         -|        0|     -|        no|     -|   -|   10 (~0%)|     33 (~0%)|    -|
    |    + dotProd_Block_entry4477_proc                     |     -|  1.75|        0|      0.000|         -|        0|     -|        no|     -|   -|   11 (~0%)|     34 (~0%)|    -|
    |    + mult_4bit_3                                      |     -|  4.96|        0|      0.000|         -|        0|     -|        no|     -|   -|   10 (~0%)|     33 (~0%)|    -|
    |    + dotProd_Block_entry4494_proc                     |     -|  1.84|        0|      0.000|         -|        0|     -|        no|     -|   -|   12 (~0%)|     33 (~0%)|    -|
    |    + mult_4bit_4                                      |     -|  4.96|        0|      0.000|         -|        0|     -|        no|     -|   -|   10 (~0%)|     33 (~0%)|    -|
    |    + dotProd_Block_entry44111_proc                    |     -|  1.93|        0|      0.000|         -|        0|     -|        no|     -|   -|   12 (~0%)|     33 (~0%)|    -|
    |    + mult_4bit_5                                      |     -|  4.96|        0|      0.000|         -|        0|     -|        no|     -|   -|   10 (~0%)|     33 (~0%)|    -|
    |    + dotProd_Block_entry44128_proc                    |     -|  1.93|        0|      0.000|         -|        0|     -|        no|     -|   -|   13 (~0%)|     32 (~0%)|    -|
    |    + mult_4bit_6                                      |     -|  4.96|        0|      0.000|         -|        0|     -|        no|     -|   -|   10 (~0%)|     33 (~0%)|    -|
    |    + dotProd_Block_entry44145_proc                    |     -|  2.03|        0|      0.000|         -|        0|     -|        no|     -|   -|   13 (~0%)|     32 (~0%)|    -|
    |    + mult_4bit_7                                      |     -|  4.96|        0|      0.000|         -|        0|     -|        no|     -|   -|   10 (~0%)|     33 (~0%)|    -|
    |    + dotProd_Block_entry44162_proc                    |     -|  2.03|        0|      0.000|         -|        0|     -|        no|     -|   -|   13 (~0%)|     32 (~0%)|    -|
    |    + mult_4bit_8                                      |     -|  4.96|        0|      0.000|         -|        0|     -|        no|     -|   -|   10 (~0%)|     33 (~0%)|    -|
    |    + dotProd_Block_entry44179_proc                    |     -|  2.03|        0|      0.000|         -|        0|     -|        no|     -|   -|   13 (~0%)|     32 (~0%)|    -|
    |    + mult_4bit_9                                      |     -|  4.96|        0|      0.000|         -|        0|     -|        no|     -|   -|   10 (~0%)|     33 (~0%)|    -|
    |    + dotProd_Block_entry44196_proc                    |     -|  2.03|        0|      0.000|         -|        0|     -|        no|     -|   -|   14 (~0%)|     32 (~0%)|    -|
    |    + mult_4bit_10                                     |     -|  4.96|        0|      0.000|         -|        0|     -|        no|     -|   -|   10 (~0%)|     33 (~0%)|    -|
    |    + dotProd_Block_entry44213_proc                    |     -|  2.12|        0|      0.000|         -|        0|     -|        no|     -|   -|   14 (~0%)|     32 (~0%)|    -|
    |    + mult_4bit_11                                     |     -|  4.96|        0|      0.000|         -|        0|     -|        no|     -|   -|   10 (~0%)|     33 (~0%)|    -|
    |    + dotProd_Block_entry44230_proc                    |     -|  2.12|        0|      0.000|         -|        0|     -|        no|     -|   -|   14 (~0%)|     32 (~0%)|    -|
    |    + mult_4bit_12                                     |     -|  4.96|        0|      0.000|         -|        0|     -|        no|     -|   -|   10 (~0%)|     33 (~0%)|    -|
    |    + dotProd_Block_entry44247_proc                    |     -|  2.12|        0|      0.000|         -|        0|     -|        no|     -|   -|   14 (~0%)|     32 (~0%)|    -|
    |    + mult_4bit_13                                     |     -|  4.96|        0|      0.000|         -|        0|     -|        no|     -|   -|   10 (~0%)|     33 (~0%)|    -|
    |    + dotProd_Block_entry44264_proc                    |     -|  2.12|        0|      0.000|         -|        0|     -|        no|     -|   -|   14 (~0%)|     32 (~0%)|    -|
    |    + mult_4bit_14                                     |     -|  4.96|        0|      0.000|         -|        0|     -|        no|     -|   -|   10 (~0%)|     33 (~0%)|    -|
    |    + dotProd_Block_entry44281_proc                    |     -|  2.12|        0|      0.000|         -|        0|     -|        no|     -|   -|   14 (~0%)|     32 (~0%)|    -|
    |    + mult_4bit_15                                     |     -|  4.96|        0|      0.000|         -|        0|     -|        no|     -|   -|   10 (~0%)|     33 (~0%)|    -|
    |    + dotProd_Block_entry44298_proc                    |     -|  2.12|        0|      0.000|         -|        0|     -|        no|     -|   -|   14 (~0%)|     32 (~0%)|    -|
    |    + mult_4bit_16                                     |     -|  4.96|        0|      0.000|         -|        0|     -|        no|     -|   -|   10 (~0%)|     33 (~0%)|    -|
    |    + dotProd_Block_entry44315_proc                    |     -|  2.12|        0|      0.000|         -|        0|     -|        no|     -|   -|   14 (~0%)|     32 (~0%)|    -|
    +-------------------------------------------------------+------+------+---------+-----------+----------+---------+------+----------+------+----+-----------+-------------+-----+


================================================================
== HW Interfaces
================================================================
* AP_FIFO
+---------------+-----------+------------+
| Interface     | Direction | Data Width |
+---------------+-----------+------------+
| output_stream | out       | 4          |
| tokens_stream | out       | 4          |
+---------------+-----------+------------+

* AP_MEMORY
+----------------------+-----------+----------+
| Port                 | Direction | Bitwidth |
+----------------------+-----------+----------+
| weightsK_0_address0  | out       | 4        |
| weightsK_0_q0        | in        | 4        |
| weightsK_10_address0 | out       | 4        |
| weightsK_10_q0       | in        | 4        |
| weightsK_11_address0 | out       | 4        |
| weightsK_11_q0       | in        | 4        |
| weightsK_12_address0 | out       | 4        |
| weightsK_12_q0       | in        | 4        |
| weightsK_13_address0 | out       | 4        |
| weightsK_13_q0       | in        | 4        |
| weightsK_14_address0 | out       | 4        |
| weightsK_14_q0       | in        | 4        |
| weightsK_15_address0 | out       | 4        |
| weightsK_15_q0       | in        | 4        |
| weightsK_1_address0  | out       | 4        |
| weightsK_1_q0        | in        | 4        |
| weightsK_2_address0  | out       | 4        |
| weightsK_2_q0        | in        | 4        |
| weightsK_3_address0  | out       | 4        |
| weightsK_3_q0        | in        | 4        |
| weightsK_4_address0  | out       | 4        |
| weightsK_4_q0        | in        | 4        |
| weightsK_5_address0  | out       | 4        |
| weightsK_5_q0        | in        | 4        |
| weightsK_6_address0  | out       | 4        |
| weightsK_6_q0        | in        | 4        |
| weightsK_7_address0  | out       | 4        |
| weightsK_7_q0        | in        | 4        |
| weightsK_8_address0  | out       | 4        |
| weightsK_8_q0        | in        | 4        |
| weightsK_9_address0  | out       | 4        |
| weightsK_9_q0        | in        | 4        |
| weightsQ_0_address0  | out       | 4        |
| weightsQ_0_q0        | in        | 4        |
| weightsQ_10_address0 | out       | 4        |
| weightsQ_10_q0       | in        | 4        |
| weightsQ_11_address0 | out       | 4        |
| weightsQ_11_q0       | in        | 4        |
| weightsQ_12_address0 | out       | 4        |
| weightsQ_12_q0       | in        | 4        |
| weightsQ_13_address0 | out       | 4        |
| weightsQ_13_q0       | in        | 4        |
| weightsQ_14_address0 | out       | 4        |
| weightsQ_14_q0       | in        | 4        |
| weightsQ_15_address0 | out       | 4        |
| weightsQ_15_q0       | in        | 4        |
| weightsQ_1_address0  | out       | 4        |
| weightsQ_1_q0        | in        | 4        |
| weightsQ_2_address0  | out       | 4        |
| weightsQ_2_q0        | in        | 4        |
| weightsQ_3_address0  | out       | 4        |
| weightsQ_3_q0        | in        | 4        |
| weightsQ_4_address0  | out       | 4        |
| weightsQ_4_q0        | in        | 4        |
| weightsQ_5_address0  | out       | 4        |
| weightsQ_5_q0        | in        | 4        |
| weightsQ_6_address0  | out       | 4        |
| weightsQ_6_q0        | in        | 4        |
| weightsQ_7_address0  | out       | 4        |
| weightsQ_7_q0        | in        | 4        |
| weightsQ_8_address0  | out       | 4        |
| weightsQ_8_q0        | in        | 4        |
| weightsQ_9_address0  | out       | 4        |
| weightsQ_9_q0        | in        | 4        |
| weightsV_0_address0  | out       | 4        |
| weightsV_0_q0        | in        | 4        |
| weightsV_10_address0 | out       | 4        |
| weightsV_10_q0       | in        | 4        |
| weightsV_11_address0 | out       | 4        |
| weightsV_11_q0       | in        | 4        |
| weightsV_12_address0 | out       | 4        |
| weightsV_12_q0       | in        | 4        |
| weightsV_13_address0 | out       | 4        |
| weightsV_13_q0       | in        | 4        |
| weightsV_14_address0 | out       | 4        |
| weightsV_14_q0       | in        | 4        |
| weightsV_15_address0 | out       | 4        |
| weightsV_15_q0       | in        | 4        |
| weightsV_1_address0  | out       | 4        |
| weightsV_1_q0        | in        | 4        |
| weightsV_2_address0  | out       | 4        |
| weightsV_2_q0        | in        | 4        |
| weightsV_3_address0  | out       | 4        |
| weightsV_3_q0        | in        | 4        |
| weightsV_4_address0  | out       | 4        |
| weightsV_4_q0        | in        | 4        |
| weightsV_5_address0  | out       | 4        |
| weightsV_5_q0        | in        | 4        |
| weightsV_6_address0  | out       | 4        |
| weightsV_6_q0        | in        | 4        |
| weightsV_7_address0  | out       | 4        |
| weightsV_7_q0        | in        | 4        |
| weightsV_8_address0  | out       | 4        |
| weightsV_8_q0        | in        | 4        |
| weightsV_9_address0  | out       | 4        |
| weightsV_9_q0        | in        | 4        |
+----------------------+-----------+----------+

* TOP LEVEL CONTROL
+-----------+------------+-----------------------------------+
| Interface | Type       | Ports                             |
+-----------+------------+-----------------------------------+
| ap_clk    | clock      | ap_clk                            |
| ap_rst    | reset      | ap_rst                            |
| ap_ctrl   | ap_ctrl_hs | ap_done ap_idle ap_ready ap_start |
+-----------+------------+-----------------------------------+


================================================================
== SW I/O Information
================================================================
* Top Function Arguments
+---------------+-----------+------------------------+
| Argument      | Direction | Datatype               |
+---------------+-----------+------------------------+
| tokens_stream | in        | stream<ap_uint<4>, 0>& |
| weightsQ      | in        | ap_uint<4>*            |
| weightsK      | in        | ap_uint<4>*            |
| weightsV      | in        | ap_uint<4>*            |
| output_stream | out       | stream<ap_uint<4>, 0>& |
+---------------+-----------+------------------------+

* SW-to-HW Mapping
+---------------+----------------------+-----------+----------+
| Argument      | HW Interface         | HW Type   | HW Usage |
+---------------+----------------------+-----------+----------+
| tokens_stream | tokens_stream        | interface |          |
| weightsQ      | weightsQ_0_address0  | port      | offset   |
| weightsQ      | weightsQ_0_ce0       | port      |          |
| weightsQ      | weightsQ_0_q0        | port      |          |
| weightsQ      | weightsQ_1_address0  | port      | offset   |
| weightsQ      | weightsQ_1_ce0       | port      |          |
| weightsQ      | weightsQ_1_q0        | port      |          |
| weightsQ      | weightsQ_2_address0  | port      | offset   |
| weightsQ      | weightsQ_2_ce0       | port      |          |
| weightsQ      | weightsQ_2_q0        | port      |          |
| weightsQ      | weightsQ_3_address0  | port      | offset   |
| weightsQ      | weightsQ_3_ce0       | port      |          |
| weightsQ      | weightsQ_3_q0        | port      |          |
| weightsQ      | weightsQ_4_address0  | port      | offset   |
| weightsQ      | weightsQ_4_ce0       | port      |          |
| weightsQ      | weightsQ_4_q0        | port      |          |
| weightsQ      | weightsQ_5_address0  | port      | offset   |
| weightsQ      | weightsQ_5_ce0       | port      |          |
| weightsQ      | weightsQ_5_q0        | port      |          |
| weightsQ      | weightsQ_6_address0  | port      | offset   |
| weightsQ      | weightsQ_6_ce0       | port      |          |
| weightsQ      | weightsQ_6_q0        | port      |          |
| weightsQ      | weightsQ_7_address0  | port      | offset   |
| weightsQ      | weightsQ_7_ce0       | port      |          |
| weightsQ      | weightsQ_7_q0        | port      |          |
| weightsQ      | weightsQ_8_address0  | port      | offset   |
| weightsQ      | weightsQ_8_ce0       | port      |          |
| weightsQ      | weightsQ_8_q0        | port      |          |
| weightsQ      | weightsQ_9_address0  | port      | offset   |
| weightsQ      | weightsQ_9_ce0       | port      |          |
| weightsQ      | weightsQ_9_q0        | port      |          |
| weightsQ      | weightsQ_10_address0 | port      | offset   |
| weightsQ      | weightsQ_10_ce0      | port      |          |
| weightsQ      | weightsQ_10_q0       | port      |          |
| weightsQ      | weightsQ_11_address0 | port      | offset   |
| weightsQ      | weightsQ_11_ce0      | port      |          |
| weightsQ      | weightsQ_11_q0       | port      |          |
| weightsQ      | weightsQ_12_address0 | port      | offset   |
| weightsQ      | weightsQ_12_ce0      | port      |          |
| weightsQ      | weightsQ_12_q0       | port      |          |
| weightsQ      | weightsQ_13_address0 | port      | offset   |
| weightsQ      | weightsQ_13_ce0      | port      |          |
| weightsQ      | weightsQ_13_q0       | port      |          |
| weightsQ      | weightsQ_14_address0 | port      | offset   |
| weightsQ      | weightsQ_14_ce0      | port      |          |
| weightsQ      | weightsQ_14_q0       | port      |          |
| weightsQ      | weightsQ_15_address0 | port      | offset   |
| weightsQ      | weightsQ_15_ce0      | port      |          |
| weightsQ      | weightsQ_15_q0       | port      |          |
| weightsK      | weightsK_0_address0  | port      | offset   |
| weightsK      | weightsK_0_ce0       | port      |          |
| weightsK      | weightsK_0_q0        | port      |          |
| weightsK      | weightsK_1_address0  | port      | offset   |
| weightsK      | weightsK_1_ce0       | port      |          |
| weightsK      | weightsK_1_q0        | port      |          |
| weightsK      | weightsK_2_address0  | port      | offset   |
| weightsK      | weightsK_2_ce0       | port      |          |
| weightsK      | weightsK_2_q0        | port      |          |
| weightsK      | weightsK_3_address0  | port      | offset   |
| weightsK      | weightsK_3_ce0       | port      |          |
| weightsK      | weightsK_3_q0        | port      |          |
| weightsK      | weightsK_4_address0  | port      | offset   |
| weightsK      | weightsK_4_ce0       | port      |          |
| weightsK      | weightsK_4_q0        | port      |          |
| weightsK      | weightsK_5_address0  | port      | offset   |
| weightsK      | weightsK_5_ce0       | port      |          |
| weightsK      | weightsK_5_q0        | port      |          |
| weightsK      | weightsK_6_address0  | port      | offset   |
| weightsK      | weightsK_6_ce0       | port      |          |
| weightsK      | weightsK_6_q0        | port      |          |
| weightsK      | weightsK_7_address0  | port      | offset   |
| weightsK      | weightsK_7_ce0       | port      |          |
| weightsK      | weightsK_7_q0        | port      |          |
| weightsK      | weightsK_8_address0  | port      | offset   |
| weightsK      | weightsK_8_ce0       | port      |          |
| weightsK      | weightsK_8_q0        | port      |          |
| weightsK      | weightsK_9_address0  | port      | offset   |
| weightsK      | weightsK_9_ce0       | port      |          |
| weightsK      | weightsK_9_q0        | port      |          |
| weightsK      | weightsK_10_address0 | port      | offset   |
| weightsK      | weightsK_10_ce0      | port      |          |
| weightsK      | weightsK_10_q0       | port      |          |
| weightsK      | weightsK_11_address0 | port      | offset   |
| weightsK      | weightsK_11_ce0      | port      |          |
| weightsK      | weightsK_11_q0       | port      |          |
| weightsK      | weightsK_12_address0 | port      | offset   |
| weightsK      | weightsK_12_ce0      | port      |          |
| weightsK      | weightsK_12_q0       | port      |          |
| weightsK      | weightsK_13_address0 | port      | offset   |
| weightsK      | weightsK_13_ce0      | port      |          |
| weightsK      | weightsK_13_q0       | port      |          |
| weightsK      | weightsK_14_address0 | port      | offset   |
| weightsK      | weightsK_14_ce0      | port      |          |
| weightsK      | weightsK_14_q0       | port      |          |
| weightsK      | weightsK_15_address0 | port      | offset   |
| weightsK      | weightsK_15_ce0      | port      |          |
| weightsK      | weightsK_15_q0       | port      |          |
| weightsV      | weightsV_0_address0  | port      | offset   |
| weightsV      | weightsV_0_ce0       | port      |          |
| weightsV      | weightsV_0_q0        | port      |          |
| weightsV      | weightsV_1_address0  | port      | offset   |
| weightsV      | weightsV_1_ce0       | port      |          |
| weightsV      | weightsV_1_q0        | port      |          |
| weightsV      | weightsV_2_address0  | port      | offset   |
| weightsV      | weightsV_2_ce0       | port      |          |
| weightsV      | weightsV_2_q0        | port      |          |
| weightsV      | weightsV_3_address0  | port      | offset   |
| weightsV      | weightsV_3_ce0       | port      |          |
| weightsV      | weightsV_3_q0        | port      |          |
| weightsV      | weightsV_4_address0  | port      | offset   |
| weightsV      | weightsV_4_ce0       | port      |          |
| weightsV      | weightsV_4_q0        | port      |          |
| weightsV      | weightsV_5_address0  | port      | offset   |
| weightsV      | weightsV_5_ce0       | port      |          |
| weightsV      | weightsV_5_q0        | port      |          |
| weightsV      | weightsV_6_address0  | port      | offset   |
| weightsV      | weightsV_6_ce0       | port      |          |
| weightsV      | weightsV_6_q0        | port      |          |
| weightsV      | weightsV_7_address0  | port      | offset   |
| weightsV      | weightsV_7_ce0       | port      |          |
| weightsV      | weightsV_7_q0        | port      |          |
| weightsV      | weightsV_8_address0  | port      | offset   |
| weightsV      | weightsV_8_ce0       | port      |          |
| weightsV      | weightsV_8_q0        | port      |          |
| weightsV      | weightsV_9_address0  | port      | offset   |
| weightsV      | weightsV_9_ce0       | port      |          |
| weightsV      | weightsV_9_q0        | port      |          |
| weightsV      | weightsV_10_address0 | port      | offset   |
| weightsV      | weightsV_10_ce0      | port      |          |
| weightsV      | weightsV_10_q0       | port      |          |
| weightsV      | weightsV_11_address0 | port      | offset   |
| weightsV      | weightsV_11_ce0      | port      |          |
| weightsV      | weightsV_11_q0       | port      |          |
| weightsV      | weightsV_12_address0 | port      | offset   |
| weightsV      | weightsV_12_ce0      | port      |          |
| weightsV      | weightsV_12_q0       | port      |          |
| weightsV      | weightsV_13_address0 | port      | offset   |
| weightsV      | weightsV_13_ce0      | port      |          |
| weightsV      | weightsV_13_q0       | port      |          |
| weightsV      | weightsV_14_address0 | port      | offset   |
| weightsV      | weightsV_14_ce0      | port      |          |
| weightsV      | weightsV_14_q0       | port      |          |
| weightsV      | weightsV_15_address0 | port      | offset   |
| weightsV      | weightsV_15_ce0      | port      |          |
| weightsV      | weightsV_15_q0       | port      |          |
| output_stream | output_stream        | interface |          |
+---------------+----------------------+-----------+----------+


================================================================
== M_AXI Burst Information
================================================================
 Note: All burst requests might be further partitioned into multiple requests during RTL generation based on max_read_burst_length or max_write_burst_length settings.


================================================================
== Bind Op Report
================================================================
+-------------------------------------------------------+-----+--------+--------------------------------+------+--------+---------+
| Name                                                  | DSP | Pragma | Variable                       | Op   | Impl   | Latency |
+-------------------------------------------------------+-----+--------+--------------------------------+------+--------+---------+
| + attention                                           | 0   |        |                                |      |        |         |
|   add_ln52_fu_2402_p2                                 | -   |        | add_ln52                       | add  | fabric | 0       |
|   add_ln57_fu_2447_p2                                 | -   |        | add_ln57                       | add  | fabric | 0       |
|   add_ln13_fu_2470_p2                                 | -   |        | add_ln13                       | add  | fabric | 0       |
|   add_ln15_fu_2502_p2                                 | -   |        | add_ln15                       | add  | fabric | 0       |
|  + attention_Pipeline_VITIS_LOOP_35_1_VITIS_LOOP_36_2 | 0   |        |                                |      |        |         |
|    add_ln35_fu_379_p2                                 | -   |        | add_ln35                       | add  | fabric | 0       |
|    add_ln35_1_fu_402_p2                               | -   |        | add_ln35_1                     | add  | fabric | 0       |
|    add_ln35_2_fu_408_p2                               | -   |        | add_ln35_2                     | add  | fabric | 0       |
|    add_ln36_fu_438_p2                                 | -   |        | add_ln36                       | add  | fabric | 0       |
|  + attention_Pipeline_VITIS_LOOP_51_3_VITIS_LOOP_52_4 | 0   |        |                                |      |        |         |
|    add_ln51_fu_379_p2                                 | -   |        | add_ln51                       | add  | fabric | 0       |
|    add_ln51_1_fu_402_p2                               | -   |        | add_ln51_1                     | add  | fabric | 0       |
|    add_ln5161_fu_408_p2                               | -   |        | add_ln5161                     | add  | fabric | 0       |
|    add_ln52_fu_438_p2                                 | -   |        | add_ln52                       | add  | fabric | 0       |
|  + project                                            | 0   |        |                                |      |        |         |
|    add_ln13_fu_725_p2                                 | -   |        | add_ln13                       | add  | fabric | 0       |
|    max_result_fu_736_p2                               | -   |        | max_result                     | sub  | fabric | 0       |
|    sub_ln43_fu_795_p2                                 | -   |        | sub_ln43                       | sub  | fabric | 0       |
|    sub_ln43_1_fu_819_p2                               | -   |        | sub_ln43_1                     | sub  | fabric | 0       |
|    sub_ln43_2_fu_841_p2                               | -   |        | sub_ln43_2                     | sub  | fabric | 0       |
|    sub_ln43_3_fu_863_p2                               | -   |        | sub_ln43_3                     | sub  | fabric | 0       |
|    sub_ln43_4_fu_885_p2                               | -   |        | sub_ln43_4                     | sub  | fabric | 0       |
|    sub_ln43_5_fu_907_p2                               | -   |        | sub_ln43_5                     | sub  | fabric | 0       |
|    sub_ln43_6_fu_929_p2                               | -   |        | sub_ln43_6                     | sub  | fabric | 0       |
|    sub_ln43_7_fu_951_p2                               | -   |        | sub_ln43_7                     | sub  | fabric | 0       |
|    sub_ln43_8_fu_973_p2                               | -   |        | sub_ln43_8                     | sub  | fabric | 0       |
|    sub_ln43_9_fu_995_p2                               | -   |        | sub_ln43_9                     | sub  | fabric | 0       |
|    sub_ln43_10_fu_1017_p2                             | -   |        | sub_ln43_10                    | sub  | fabric | 0       |
|    sub_ln43_11_fu_1039_p2                             | -   |        | sub_ln43_11                    | sub  | fabric | 0       |
|    sub_ln43_12_fu_1061_p2                             | -   |        | sub_ln43_12                    | sub  | fabric | 0       |
|    sub_ln43_13_fu_1083_p2                             | -   |        | sub_ln43_13                    | sub  | fabric | 0       |
|    sub_ln43_14_fu_1105_p2                             | -   |        | sub_ln43_14                    | sub  | fabric | 0       |
|    sub_ln43_15_fu_1114_p2                             | -   |        | sub_ln43_15                    | sub  | fabric | 0       |
|   + project_Pipeline_VITIS_LOOP_33_2                  | 0   |        |                                |      |        |         |
|     shift_amount_2_fu_72_p2                           | -   |        | shift_amount_2                 | add  | fabric | 0       |
|   + dotProd_32                                        | 0   |        |                                |      |        |         |
|     ref_tmp1_out_tmp_channel_U                        | -   |        | ref_tmp1_out_tmp_channel       | fifo | srl    | 0       |
|     ref_tmp1_load_cast_loc_channel_U                  | -   |        | ref_tmp1_load_cast_loc_channel | fifo | srl    | 0       |
|     ref_tmp1_out_tmp315_channel_U                     | -   |        | ref_tmp1_out_tmp315_channel    | fifo | srl    | 0       |
|     add_ln22_cast_loc_channel_U                       | -   |        | add_ln22_cast_loc_channel      | fifo | srl    | 0       |
|     ref_tmp1_out_tmp316_channel_U                     | -   |        | ref_tmp1_out_tmp316_channel    | fifo | srl    | 0       |
|     add_ln22_1_loc_channel_U                          | -   |        | add_ln22_1_loc_channel         | fifo | srl    | 0       |
|     ref_tmp1_out_tmp317_channel_U                     | -   |        | ref_tmp1_out_tmp317_channel    | fifo | srl    | 0       |
|     add_ln22_2_cast_loc_channel_U                     | -   |        | add_ln22_2_cast_loc_channel    | fifo | srl    | 0       |
|     ref_tmp1_out_tmp318_channel_U                     | -   |        | ref_tmp1_out_tmp318_channel    | fifo | srl    | 0       |
|     add_ln22_3_loc_channel_U                          | -   |        | add_ln22_3_loc_channel         | fifo | srl    | 0       |
|     ref_tmp1_out_tmp319_channel_U                     | -   |        | ref_tmp1_out_tmp319_channel    | fifo | srl    | 0       |
|     add_ln22_4_loc_channel_U                          | -   |        | add_ln22_4_loc_channel         | fifo | srl    | 0       |
|     ref_tmp1_out_tmp320_channel_U                     | -   |        | ref_tmp1_out_tmp320_channel    | fifo | srl    | 0       |
|     add_ln22_5_loc_channel_U                          | -   |        | add_ln22_5_loc_channel         | fifo | srl    | 0       |
|     ref_tmp1_out_tmp321_channel_U                     | -   |        | ref_tmp1_out_tmp321_channel    | fifo | srl    | 0       |
|     add_ln22_6_cast_loc_channel_U                     | -   |        | add_ln22_6_cast_loc_channel    | fifo | srl    | 0       |
|     ref_tmp1_out_tmp322_channel_U                     | -   |        | ref_tmp1_out_tmp322_channel    | fifo | srl    | 0       |
|     add_ln22_7_loc_channel_U                          | -   |        | add_ln22_7_loc_channel         | fifo | srl    | 0       |
|     ref_tmp1_out_tmp323_channel_U                     | -   |        | ref_tmp1_out_tmp323_channel    | fifo | srl    | 0       |
|     add_ln22_8_loc_channel_U                          | -   |        | add_ln22_8_loc_channel         | fifo | srl    | 0       |
|     ref_tmp1_out_tmp324_channel_U                     | -   |        | ref_tmp1_out_tmp324_channel    | fifo | srl    | 0       |
|     add_ln22_9_loc_channel_U                          | -   |        | add_ln22_9_loc_channel         | fifo | srl    | 0       |
|     ref_tmp1_out_tmp325_channel_U                     | -   |        | ref_tmp1_out_tmp325_channel    | fifo | srl    | 0       |
|     add_ln22_10_loc_channel_U                         | -   |        | add_ln22_10_loc_channel        | fifo | srl    | 0       |
|     ref_tmp1_out_tmp326_channel_U                     | -   |        | ref_tmp1_out_tmp326_channel    | fifo | srl    | 0       |
|     add_ln22_11_loc_channel_U                         | -   |        | add_ln22_11_loc_channel        | fifo | srl    | 0       |
|     ref_tmp1_out_tmp327_channel_U                     | -   |        | ref_tmp1_out_tmp327_channel    | fifo | srl    | 0       |
|     add_ln22_12_loc_channel_U                         | -   |        | add_ln22_12_loc_channel        | fifo | srl    | 0       |
|     ref_tmp1_out_tmp328_channel_U                     | -   |        | ref_tmp1_out_tmp328_channel    | fifo | srl    | 0       |
|     add_ln22_13_loc_channel_U                         | -   |        | add_ln22_13_loc_channel        | fifo | srl    | 0       |
|     ref_tmp1_channel_U                                | -   |        | ref_tmp1_channel               | fifo | srl    | 0       |
|    + mult_4bit_17                                     | 0   |        |                                |      |        |         |
|      mul_4ns_4ns_8_1_1_U18                            | -   |        | mul_ln5                        | mul  | auto   | 0       |
|    + mult_4bit_18                                     | 0   |        |                                |      |        |         |
|      mul_4ns_4ns_8_1_1_U23                            | -   |        | mul_ln5                        | mul  | auto   | 0       |
|    + dotProd_32_Block_entry1245_proc                  | 0   |        |                                |      |        |         |
|      add_ln22_fu_26_p2                                | -   |        | add_ln22                       | add  | fabric | 0       |
|    + mult_4bit_19                                     | 0   |        |                                |      |        |         |
|      mul_4ns_4ns_8_1_1_U28                            | -   |        | mul_ln5                        | mul  | auto   | 0       |
|    + dotProd_32_Block_entry1262_proc                  | 0   |        |                                |      |        |         |
|      add_ln22_fu_28_p2                                | -   |        | add_ln22                       | add  | fabric | 0       |
|    + mult_4bit_20                                     | 0   |        |                                |      |        |         |
|      mul_4ns_4ns_8_1_1_U33                            | -   |        | mul_ln5                        | mul  | auto   | 0       |
|    + dotProd_32_Block_entry1279_proc                  | 0   |        |                                |      |        |         |
|      add_ln22_fu_24_p2                                | -   |        | add_ln22                       | add  | fabric | 0       |
|    + mult_4bit_21                                     | 0   |        |                                |      |        |         |
|      mul_4ns_4ns_8_1_1_U38                            | -   |        | mul_ln5                        | mul  | auto   | 0       |
|    + dotProd_32_Block_entry1296_proc                  | 0   |        |                                |      |        |         |
|      add_ln22_fu_28_p2                                | -   |        | add_ln22                       | add  | fabric | 0       |
|    + mult_4bit_22                                     | 0   |        |                                |      |        |         |
|      mul_4ns_4ns_8_1_1_U43                            | -   |        | mul_ln5                        | mul  | auto   | 0       |
|    + dotProd_32_Block_entry12113_proc                 | 0   |        |                                |      |        |         |
|      add_ln22_fu_24_p2                                | -   |        | add_ln22                       | add  | fabric | 0       |
|    + mult_4bit_23                                     | 0   |        |                                |      |        |         |
|      mul_4ns_4ns_8_1_1_U48                            | -   |        | mul_ln5                        | mul  | auto   | 0       |
|    + dotProd_32_Block_entry12130_proc                 | 0   |        |                                |      |        |         |
|      add_ln22_fu_24_p2                                | -   |        | add_ln22                       | add  | fabric | 0       |
|    + mult_4bit_24                                     | 0   |        |                                |      |        |         |
|      mul_4ns_4ns_8_1_1_U53                            | -   |        | mul_ln5                        | mul  | auto   | 0       |
|    + dotProd_32_Block_entry12147_proc                 | 0   |        |                                |      |        |         |
|      add_ln22_fu_24_p2                                | -   |        | add_ln22                       | add  | fabric | 0       |
|    + mult_4bit_25                                     | 0   |        |                                |      |        |         |
|      mul_4ns_4ns_8_1_1_U58                            | -   |        | mul_ln5                        | mul  | auto   | 0       |
|    + dotProd_32_Block_entry12164_proc                 | 0   |        |                                |      |        |         |
|      add_ln22_fu_28_p2                                | -   |        | add_ln22                       | add  | fabric | 0       |
|    + mult_4bit_26                                     | 0   |        |                                |      |        |         |
|      mul_4ns_4ns_8_1_1_U63                            | -   |        | mul_ln5                        | mul  | auto   | 0       |
|    + dotProd_32_Block_entry12181_proc                 | 0   |        |                                |      |        |         |
|      add_ln22_fu_24_p2                                | -   |        | add_ln22                       | add  | fabric | 0       |
|    + mult_4bit_27                                     | 0   |        |                                |      |        |         |
|      mul_4ns_4ns_8_1_1_U68                            | -   |        | mul_ln5                        | mul  | auto   | 0       |
|    + dotProd_32_Block_entry12198_proc                 | 0   |        |                                |      |        |         |
|      add_ln22_fu_24_p2                                | -   |        | add_ln22                       | add  | fabric | 0       |
|    + mult_4bit_28                                     | 0   |        |                                |      |        |         |
|      mul_4ns_4ns_8_1_1_U73                            | -   |        | mul_ln5                        | mul  | auto   | 0       |
|    + dotProd_32_Block_entry12215_proc                 | 0   |        |                                |      |        |         |
|      add_ln22_fu_24_p2                                | -   |        | add_ln22                       | add  | fabric | 0       |
|    + mult_4bit_29                                     | 0   |        |                                |      |        |         |
|      mul_4ns_4ns_8_1_1_U78                            | -   |        | mul_ln5                        | mul  | auto   | 0       |
|    + dotProd_32_Block_entry12232_proc                 | 0   |        |                                |      |        |         |
|      add_ln22_fu_24_p2                                | -   |        | add_ln22                       | add  | fabric | 0       |
|    + mult_4bit_30                                     | 0   |        |                                |      |        |         |
|      mul_4ns_4ns_8_1_1_U83                            | -   |        | mul_ln5                        | mul  | auto   | 0       |
|    + dotProd_32_Block_entry12249_proc                 | 0   |        |                                |      |        |         |
|      add_ln22_fu_24_p2                                | -   |        | add_ln22                       | add  | fabric | 0       |
|    + mult_4bit_31                                     | 0   |        |                                |      |        |         |
|      mul_4ns_4ns_8_1_1_U88                            | -   |        | mul_ln5                        | mul  | auto   | 0       |
|    + dotProd_32_Block_entry12266_proc                 | 0   |        |                                |      |        |         |
|      add_ln22_fu_24_p2                                | -   |        | add_ln22                       | add  | fabric | 0       |
|    + mult_4bit                                        | 0   |        |                                |      |        |         |
|      mul_4ns_4ns_8_1_1_U93                            | -   |        | mul_ln5                        | mul  | auto   | 0       |
|    + dotProd_32_Block_entry12283_proc                 | 0   |        |                                |      |        |         |
|      add_ln22_fu_35_p2                                | -   |        | add_ln22                       | add  | fabric | 0       |
|  + dotProd                                            | 0   |        |                                |      |        |         |
|    ref_tmp1_out_tmp_channel_U                         | -   |        | ref_tmp1_out_tmp_channel       | fifo | srl    | 0       |
|    ref_tmp1_load_cast_loc_channel_U                   | -   |        | ref_tmp1_load_cast_loc_channel | fifo | srl    | 0       |
|    ref_tmp1_out_tmp347_channel_U                      | -   |        | ref_tmp1_out_tmp347_channel    | fifo | srl    | 0       |
|    add_ln22_cast_loc_channel_U                        | -   |        | add_ln22_cast_loc_channel      | fifo | srl    | 0       |
|    ref_tmp1_out_tmp348_channel_U                      | -   |        | ref_tmp1_out_tmp348_channel    | fifo | srl    | 0       |
|    add_ln22_15_loc_channel_U                          | -   |        | add_ln22_15_loc_channel        | fifo | srl    | 0       |
|    ref_tmp1_out_tmp349_channel_U                      | -   |        | ref_tmp1_out_tmp349_channel    | fifo | srl    | 0       |
|    add_ln22_16_cast_loc_channel_U                     | -   |        | add_ln22_16_cast_loc_channel   | fifo | srl    | 0       |
|    ref_tmp1_out_tmp350_channel_U                      | -   |        | ref_tmp1_out_tmp350_channel    | fifo | srl    | 0       |
|    add_ln22_17_loc_channel_U                          | -   |        | add_ln22_17_loc_channel        | fifo | srl    | 0       |
|    ref_tmp1_out_tmp351_channel_U                      | -   |        | ref_tmp1_out_tmp351_channel    | fifo | srl    | 0       |
|    add_ln22_18_loc_channel_U                          | -   |        | add_ln22_18_loc_channel        | fifo | srl    | 0       |
|    ref_tmp1_out_tmp352_channel_U                      | -   |        | ref_tmp1_out_tmp352_channel    | fifo | srl    | 0       |
|    add_ln22_19_loc_channel_U                          | -   |        | add_ln22_19_loc_channel        | fifo | srl    | 0       |
|    ref_tmp1_out_tmp353_channel_U                      | -   |        | ref_tmp1_out_tmp353_channel    | fifo | srl    | 0       |
|    add_ln22_20_cast_loc_channel_U                     | -   |        | add_ln22_20_cast_loc_channel   | fifo | srl    | 0       |
|    ref_tmp1_out_tmp354_channel_U                      | -   |        | ref_tmp1_out_tmp354_channel    | fifo | srl    | 0       |
|    add_ln22_21_loc_channel_U                          | -   |        | add_ln22_21_loc_channel        | fifo | srl    | 0       |
|    ref_tmp1_out_tmp355_channel_U                      | -   |        | ref_tmp1_out_tmp355_channel    | fifo | srl    | 0       |
|    add_ln22_22_loc_channel_U                          | -   |        | add_ln22_22_loc_channel        | fifo | srl    | 0       |
|    ref_tmp1_out_tmp356_channel_U                      | -   |        | ref_tmp1_out_tmp356_channel    | fifo | srl    | 0       |
|    add_ln22_23_loc_channel_U                          | -   |        | add_ln22_23_loc_channel        | fifo | srl    | 0       |
|    ref_tmp1_out_tmp357_channel_U                      | -   |        | ref_tmp1_out_tmp357_channel    | fifo | srl    | 0       |
|    add_ln22_24_loc_channel_U                          | -   |        | add_ln22_24_loc_channel        | fifo | srl    | 0       |
|    ref_tmp1_out_tmp358_channel_U                      | -   |        | ref_tmp1_out_tmp358_channel    | fifo | srl    | 0       |
|    add_ln22_25_loc_channel_U                          | -   |        | add_ln22_25_loc_channel        | fifo | srl    | 0       |
|    ref_tmp1_out_tmp359_channel_U                      | -   |        | ref_tmp1_out_tmp359_channel    | fifo | srl    | 0       |
|    add_ln22_26_loc_channel_U                          | -   |        | add_ln22_26_loc_channel        | fifo | srl    | 0       |
|    ref_tmp1_out_tmp360_channel_U                      | -   |        | ref_tmp1_out_tmp360_channel    | fifo | srl    | 0       |
|    add_ln22_27_loc_channel_U                          | -   |        | add_ln22_27_loc_channel        | fifo | srl    | 0       |
|    ref_tmp1_channel_U                                 | -   |        | ref_tmp1_channel               | fifo | srl    | 0       |
|   + mult_4bit_1                                       | 0   |        |                                |      |        |         |
|     mul_4ns_4ns_8_1_1_U216                            | -   |        | mul_ln5                        | mul  | auto   | 0       |
|   + mult_4bit_2                                       | 0   |        |                                |      |        |         |
|     mul_4ns_4ns_8_1_1_U220                            | -   |        | mul_ln5                        | mul  | auto   | 0       |
|   + dotProd_Block_entry4477_proc                      | 0   |        |                                |      |        |         |
|     add_ln22_fu_26_p2                                 | -   |        | add_ln22                       | add  | fabric | 0       |
|   + mult_4bit_3                                       | 0   |        |                                |      |        |         |
|     mul_4ns_4ns_8_1_1_U225                            | -   |        | mul_ln5                        | mul  | auto   | 0       |
|   + dotProd_Block_entry4494_proc                      | 0   |        |                                |      |        |         |
|     add_ln22_fu_28_p2                                 | -   |        | add_ln22                       | add  | fabric | 0       |
|   + mult_4bit_4                                       | 0   |        |                                |      |        |         |
|     mul_4ns_4ns_8_1_1_U230                            | -   |        | mul_ln5                        | mul  | auto   | 0       |
|   + dotProd_Block_entry44111_proc                     | 0   |        |                                |      |        |         |
|     add_ln22_fu_24_p2                                 | -   |        | add_ln22                       | add  | fabric | 0       |
|   + mult_4bit_5                                       | 0   |        |                                |      |        |         |
|     mul_4ns_4ns_8_1_1_U235                            | -   |        | mul_ln5                        | mul  | auto   | 0       |
|   + dotProd_Block_entry44128_proc                     | 0   |        |                                |      |        |         |
|     add_ln22_fu_28_p2                                 | -   |        | add_ln22                       | add  | fabric | 0       |
|   + mult_4bit_6                                       | 0   |        |                                |      |        |         |
|     mul_4ns_4ns_8_1_1_U240                            | -   |        | mul_ln5                        | mul  | auto   | 0       |
|   + dotProd_Block_entry44145_proc                     | 0   |        |                                |      |        |         |
|     add_ln22_fu_24_p2                                 | -   |        | add_ln22                       | add  | fabric | 0       |
|   + mult_4bit_7                                       | 0   |        |                                |      |        |         |
|     mul_4ns_4ns_8_1_1_U245                            | -   |        | mul_ln5                        | mul  | auto   | 0       |
|   + dotProd_Block_entry44162_proc                     | 0   |        |                                |      |        |         |
|     add_ln22_fu_24_p2                                 | -   |        | add_ln22                       | add  | fabric | 0       |
|   + mult_4bit_8                                       | 0   |        |                                |      |        |         |
|     mul_4ns_4ns_8_1_1_U250                            | -   |        | mul_ln5                        | mul  | auto   | 0       |
|   + dotProd_Block_entry44179_proc                     | 0   |        |                                |      |        |         |
|     add_ln22_fu_24_p2                                 | -   |        | add_ln22                       | add  | fabric | 0       |
|   + mult_4bit_9                                       | 0   |        |                                |      |        |         |
|     mul_4ns_4ns_8_1_1_U255                            | -   |        | mul_ln5                        | mul  | auto   | 0       |
|   + dotProd_Block_entry44196_proc                     | 0   |        |                                |      |        |         |
|     add_ln22_fu_28_p2                                 | -   |        | add_ln22                       | add  | fabric | 0       |
|   + mult_4bit_10                                      | 0   |        |                                |      |        |         |
|     mul_4ns_4ns_8_1_1_U260                            | -   |        | mul_ln5                        | mul  | auto   | 0       |
|   + dotProd_Block_entry44213_proc                     | 0   |        |                                |      |        |         |
|     add_ln22_fu_24_p2                                 | -   |        | add_ln22                       | add  | fabric | 0       |
|   + mult_4bit_11                                      | 0   |        |                                |      |        |         |
|     mul_4ns_4ns_8_1_1_U265                            | -   |        | mul_ln5                        | mul  | auto   | 0       |
|   + dotProd_Block_entry44230_proc                     | 0   |        |                                |      |        |         |
|     add_ln22_fu_24_p2                                 | -   |        | add_ln22                       | add  | fabric | 0       |
|   + mult_4bit_12                                      | 0   |        |                                |      |        |         |
|     mul_4ns_4ns_8_1_1_U270                            | -   |        | mul_ln5                        | mul  | auto   | 0       |
|   + dotProd_Block_entry44247_proc                     | 0   |        |                                |      |        |         |
|     add_ln22_fu_24_p2                                 | -   |        | add_ln22                       | add  | fabric | 0       |
|   + mult_4bit_13                                      | 0   |        |                                |      |        |         |
|     mul_4ns_4ns_8_1_1_U275                            | -   |        | mul_ln5                        | mul  | auto   | 0       |
|   + dotProd_Block_entry44264_proc                     | 0   |        |                                |      |        |         |
|     add_ln22_fu_24_p2                                 | -   |        | add_ln22                       | add  | fabric | 0       |
|   + mult_4bit_14                                      | 0   |        |                                |      |        |         |
|     mul_4ns_4ns_8_1_1_U280                            | -   |        | mul_ln5                        | mul  | auto   | 0       |
|   + dotProd_Block_entry44281_proc                     | 0   |        |                                |      |        |         |
|     add_ln22_fu_24_p2                                 | -   |        | add_ln22                       | add  | fabric | 0       |
|   + mult_4bit_15                                      | 0   |        |                                |      |        |         |
|     mul_4ns_4ns_8_1_1_U285                            | -   |        | mul_ln5                        | mul  | auto   | 0       |
|   + dotProd_Block_entry44298_proc                     | 0   |        |                                |      |        |         |
|     add_ln22_fu_24_p2                                 | -   |        | add_ln22                       | add  | fabric | 0       |
|   + mult_4bit_16                                      | 0   |        |                                |      |        |         |
|     mul_4ns_4ns_8_1_1_U290                            | -   |        | mul_ln5                        | mul  | auto   | 0       |
|   + dotProd_Block_entry44315_proc                     | 0   |        |                                |      |        |         |
|     add_ln22_fu_35_p2                                 | -   |        | add_ln22                       | add  | fabric | 0       |
+-------------------------------------------------------+-----+--------+--------------------------------+------+--------+---------+


================================================================
== Bind Storage Report
================================================================
+--------------------+------+------+--------+----------------+---------+------+---------+
| Name               | BRAM | URAM | Pragma | Variable       | Storage | Impl | Latency |
+--------------------+------+------+--------+----------------+---------+------+---------+
| + attention        | 0    | 0    |        |                |         |      |         |
|   tokens_U         | -    | -    |        | tokens         | ram_1p  | auto | 1       |
|   tokens_1_U       | -    | -    |        | tokens_1       | ram_1p  | auto | 1       |
|   tokens_2_U       | -    | -    |        | tokens_2       | ram_1p  | auto | 1       |
|   tokens_3_U       | -    | -    |        | tokens_3       | ram_1p  | auto | 1       |
|   tokens_4_U       | -    | -    |        | tokens_4       | ram_1p  | auto | 1       |
|   tokens_5_U       | -    | -    |        | tokens_5       | ram_1p  | auto | 1       |
|   tokens_6_U       | -    | -    |        | tokens_6       | ram_1p  | auto | 1       |
|   tokens_7_U       | -    | -    |        | tokens_7       | ram_1p  | auto | 1       |
|   tokens_8_U       | -    | -    |        | tokens_8       | ram_1p  | auto | 1       |
|   tokens_9_U       | -    | -    |        | tokens_9       | ram_1p  | auto | 1       |
|   tokens_10_U      | -    | -    |        | tokens_10      | ram_1p  | auto | 1       |
|   tokens_11_U      | -    | -    |        | tokens_11      | ram_1p  | auto | 1       |
|   tokens_12_U      | -    | -    |        | tokens_12      | ram_1p  | auto | 1       |
|   tokens_13_U      | -    | -    |        | tokens_13      | ram_1p  | auto | 1       |
|   tokens_14_U      | -    | -    |        | tokens_14      | ram_1p  | auto | 1       |
|   tokens_15_U      | -    | -    |        | tokens_15      | ram_1p  | auto | 1       |
|   single_qk_k_U    | -    | -    |        | single_qk_k    | ram_1p  | auto | 1       |
|   single_qk_k_16_U | -    | -    |        | single_qk_k_16 | ram_1p  | auto | 1       |
|   single_qk_k_17_U | -    | -    |        | single_qk_k_17 | ram_1p  | auto | 1       |
|   single_qk_k_18_U | -    | -    |        | single_qk_k_18 | ram_1p  | auto | 1       |
|   single_qk_k_19_U | -    | -    |        | single_qk_k_19 | ram_1p  | auto | 1       |
|   single_qk_k_20_U | -    | -    |        | single_qk_k_20 | ram_1p  | auto | 1       |
|   single_qk_k_21_U | -    | -    |        | single_qk_k_21 | ram_1p  | auto | 1       |
|   single_qk_k_22_U | -    | -    |        | single_qk_k_22 | ram_1p  | auto | 1       |
|   single_qk_k_23_U | -    | -    |        | single_qk_k_23 | ram_1p  | auto | 1       |
|   single_qk_k_24_U | -    | -    |        | single_qk_k_24 | ram_1p  | auto | 1       |
|   single_qk_k_25_U | -    | -    |        | single_qk_k_25 | ram_1p  | auto | 1       |
|   single_qk_k_26_U | -    | -    |        | single_qk_k_26 | ram_1p  | auto | 1       |
|   single_qk_k_27_U | -    | -    |        | single_qk_k_27 | ram_1p  | auto | 1       |
|   single_qk_k_28_U | -    | -    |        | single_qk_k_28 | ram_1p  | auto | 1       |
|   single_qk_k_29_U | -    | -    |        | single_qk_k_29 | ram_1p  | auto | 1       |
|   single_qk_k_30_U | -    | -    |        | single_qk_k_30 | ram_1p  | auto | 1       |
|  + project         | 0    | 0    |        |                |         |      |         |
|    temp_results_U  | -    | -    |        | temp_results   | ram_s2p | auto | 1       |
+--------------------+------+------+--------+----------------+---------+------+---------+


================================================================
== Pragma Report
================================================================
* Ignored Pragmas
+--------+---------+----------------------------------------------------------------------+-----------------------------------+
| Type   | Options | Location                                                             | Messages                          |
+--------+---------+----------------------------------------------------------------------+-----------------------------------+
| unroll | off =   | ../../../../Desktop/CSE237C/project/attention.cpp:22 in print_matrix | unexpected pragma parameter 'off' |
| unroll | off =   | ../../../../Desktop/CSE237C/project/attention.cpp:59 in attention    | unexpected pragma parameter 'off' |
| unroll | off=    | ../../../../Desktop/CSE237C/project/QKV.cpp:17 in singleqk           | unexpected pragma parameter 'off' |
| unroll | off=    | ../../../../Desktop/CSE237C/project/QKVProj.cpp:15 in project        | unexpected pragma parameter 'off' |
| unroll | off=    | ../../../../Desktop/CSE237C/project/QKVProj.cpp:54 in project_all    | unexpected pragma parameter 'off' |
+--------+---------+----------------------------------------------------------------------+-----------------------------------+

* Pragmas with Warnings
+----------+---------+---------------------------------------------------------------+------------------------------------------------------------------------------------------------------------------------------------------------------------------------------------+
| Type     | Options | Location                                                      | Messages                                                                                                                                                                           |
+----------+---------+---------------------------------------------------------------+------------------------------------------------------------------------------------------------------------------------------------------------------------------------------------+
| dataflow |         | ../../../../Desktop/CSE237C/project/dotProd.cpp:15 in dotprod | Since the only kind of statements allowed in a canonical dataflow region are variable declarations and function calls, the compiler may not be able to correctly handle the region |
+----------+---------+---------------------------------------------------------------+------------------------------------------------------------------------------------------------------------------------------------------------------------------------------------+

* Valid Pragma Syntax
+-----------------+---------------------------------+-----------------------------------------------------------------------------+
| Type            | Options                         | Location                                                                    |
+-----------------+---------------------------------+-----------------------------------------------------------------------------+
| stream          | variable=K depth=16*16          | ../../../../Desktop/CSE237C/project/attention.cpp:44 in attention, K        |
| unroll          |                                 | ../../../../Desktop/CSE237C/project/attention.cpp:65 in attention           |
| stream          | variable=Q_stream depth=16      | ../../../../Desktop/CSE237C/project/attention.cpp:69 in attention, Q_stream |
| unroll          |                                 | ../../../../Desktop/CSE237C/project/attention.cpp:83 in attention           |
| unroll          |                                 | ../../../../Desktop/CSE237C/project/dotProd.cpp:18 in dotprod               |
| array_partition | variable = row1 type = complete | ../../../../Desktop/CSE237C/project/dotProd.cpp:19 in dotprod               |
| array_partition | variable = row2 type = complete | ../../../../Desktop/CSE237C/project/dotProd.cpp:20 in dotprod               |
| unroll          |                                 | ../../../../Desktop/CSE237C/project/QKVProj.cpp:42 in project               |
+-----------------+---------------------------------+-----------------------------------------------------------------------------+


